<?xml version="1.0" encoding="UTF-8"?>
<testsuite name="Amazon Test"
           tests="2"
           failures="0"
           errors="0"
           skipped="0"
           time="3.425">
  <properties />
  
  
            <testcase name="tdLinkTest1" time="2.035" classname="com.simplilearn.testng.Phase2_Selenium_TestNG.Amazon.AmazonLinkVerificationCssSelectorTest" />
                <testcase name="tdLinkTest2" time="1.390" classname="com.simplilearn.testng.Phase2_Selenium_TestNG.Amazon.AmazonLinkVerificationCssSelectorTest" />
      
</testsuite>
