<?xml version="1.0" encoding="UTF-8"?>
<testsuite name="Amazon Test"
           tests="2"
           failures="0"
           errors="0"
           skipped="0"
           time="4.720">
  <properties />
  
  
            <testcase name="toSearch1" time="2.516" classname="com.simplilearn.testng.Phase2_Selenium_TestNG.Amazon.AmazonSearchTest" />
                <testcase name="toSearch2" time="2.204" classname="com.simplilearn.testng.Phase2_Selenium_TestNG.Amazon.AmazonSearchTest" />
      
</testsuite>
